<?xml version="1.0" encoding="UTF-8"?>
<!-- Generated by org.testng.reporters.JUnitReportReporter -->
<testsuite hostname="LAPTOP-93B8KS95" failures="0" tests="1" name="com.letKodeit.Tests.PracticePageTest" time="11.962" errors="0" timestamp="2021-01-18T00:48:21 EST" skipped="0">
  <testcase classname="com.letKodeit.Tests.PracticePageTest" name="muiltipleSelectOptions" time="11.962"/>
  <system-out/>
</testsuite> <!-- com.letKodeit.Tests.PracticePageTest -->
